14:31:44.651 | V |                      | ArgumentsFromParametersFile.OnBuildCreated (150)
14:31:44.685 | V |                      | Passing value for Build.Solution (RevitWebView2Example.sln)
14:31:44.693 | V |                      | Passing value for NukeBuild.Verbosity (Normal)
14:31:44.693 | V |                      | HandleReSharperSurrogateArguments.OnBuildCreated (150)
14:31:44.694 | V |                      | InjectParameterValues.OnBuildCreated (100)
14:31:44.705 | V |                      | HandleShellCompletion.OnBuildCreated (75)
14:31:44.781 | V |                      | GenerateBuildServerConfigurations.OnBuildCreated (50)
14:31:44.781 | V |                      | InvokeBuildServerConfigurationGeneration.OnBuildCreated (45)
14:31:44.789 | V |                      | UpdateNotification.OnBuildCreated (10)
14:31:44.790 | V |                      | UnsetVisualStudioEnvironmentVariables.OnBuildCreated (0)
14:31:44.790 | V |                      | HandleVisualStudioDebugging.OnBuildCreated (0)
14:31:44.791 | V |                      | EventInvoker.OnBuildCreated (-3.4028235E+38)
14:31:44.812 | V |                      | HandlePlanRequests.OnBuildInitialized (10)
14:31:44.812 | V |                      | HandleHelpRequests.OnBuildInitialized (5)
14:31:44.813 | V |                      | Telemetry.OnBuildInitialized (0)
14:31:45.456 | V |                      | Sending BuildStarted telemetry event ...
14:31:45.457 | V |                      |   build_components         = 
14:31:45.457 | V |                      |   build_type               = Project
14:31:45.457 | V |                      |   compile_time             = 6
14:31:45.457 | V |                      |   config_generators        = 
14:31:45.457 | V |                      |   host                     = Rider
14:31:45.457 | V |                      |   num_custom_components    = 0
14:31:45.457 | V |                      |   num_custom_extensions    = 0
14:31:45.457 | V |                      |   num_partitioned_targets  = 0
14:31:45.457 | V |                      |   num_secrets              = 1
14:31:45.457 | V |                      |   num_targets              = 5
14:31:45.457 | V |                      |   os_architecture          = X64
14:31:45.457 | V |                      |   os_platform              = Windows
14:31:45.457 | V |                      |   target_framework         = .NETCoreApp,Version=v8.0
14:31:45.457 | V |                      |   version_dotnet_sdk       = 8.0.403
14:31:45.457 | V |                      |   version_nuke_common      = 8.0.0
14:31:45.457 | V |                      |   version_nuke_global_tool = 8.1.1
14:31:45.731 | V |                      | InjectNonParameterValues.OnBuildInitialized (-100)
14:31:45.733 | W |                      | Could not inject value for Build.GitRepository
System.ArgumentException: Could not find commit information
   at Nuke.Common.Assert.NotNull[T](T obj, String message, String argumentExpression) in /_/source/Nuke.Utilities/Assert.cs:line 73
   at Nuke.Common.Git.GitRepository.GetCommitFromHead(AbsolutePath gitDirectory, String head) in /_/source/Nuke.Build/VCS/GitRepository.cs:line 105
   at Nuke.Common.Git.GitRepository.FromLocalDirectory(AbsolutePath directory) in /_/source/Nuke.Build/VCS/GitRepository.cs:line 54
   at Nuke.Common.Git.GitRepositoryAttribute.GetValue(MemberInfo member, Object instance) in /_/source/Nuke.Common/Attributes/GitRepositoryAttribute.cs:line 22
   at Nuke.Common.ValueInjection.ValueInjectionAttributeBase.TryGetValue(MemberInfo member, Object instance) in /_/source/Nuke.Build/Execution/Extensibility/ValueInjectionAttributeBase.cs:line 26
14:31:45.759 | V |                      | EventInvoker.OnBuildInitialized (-3.4028235E+38)
14:31:45.760 | V |                      | Target-unrelated exception was thrown
System.ArgumentNullException: Value cannot be null. (Parameter 'key')
   at System.Collections.Generic.Dictionary`2.TryInsert(TKey key, TValue value, InsertionBehavior behavior)
   at System.Collections.Generic.Dictionary`2.Add(TKey key, TValue value)
   at Build.OnBuildInitialized() in C:\Users\Sergei Nefyodov\RiderProjects\RevitWebView2Example\Build\Build.Configuration.cs:line 20
   at Nuke.Common.Execution.EventInvoker.OnBuildInitialized(IReadOnlyCollection`1 executableTargets, IReadOnlyCollection`1 executionPlan) in /_/source/Nuke.Build/Execution/Extensions/EventInvoker.cs:line 29
   at Nuke.Common.Utilities.Collections.EnumerableExtensions.ForEach[T](IEnumerable`1 enumerable, Action`1 action) in /_/source/Nuke.Utilities/Collections/Enumerable.ForEach.cs:line 20
   at Nuke.Common.NukeBuild.ExecuteExtension[TExtension](Expression`1 action)
   at Nuke.Common.Execution.BuildManager.Execute[T](Expression`1[] defaultTargetExpressions)
